<?xml version="1.0" encoding="UTF-8"?>
<testsuite xmlns:xsi="http://www.w3.org/2001/XMLSchema-instance" xsi:noNamespaceSchemaLocation="https://maven.apache.org/surefire/maven-surefire-plugin/xsd/surefire-test-report.xsd" name="TestSuite" time="1.051" tests="1" errors="0" skipped="0" failures="1">
  <properties>
[...]
</properties>
  <testcase name="LoginTest" classname="com.testcases.LoginTestCase" time="0.608">
    <failure message="Unable to create new service: ChromeDriverService&#10;Build info: version: &apos;3.141.59&apos;, revision: &apos;e82be7d358&apos;, time: &apos;2018-11-14T08:25:53&apos;&#10;System info: host: &apos;DESKTOP-G1F3SKE&apos;, ip: &apos;192.168.30.120&apos;, os.name: &apos;Windows 10&apos;, os.arch: &apos;amd64&apos;, os.version: &apos;10.0&apos;, java.version: &apos;1.8.0_301&apos;&#10;Driver info: driver.version: unknown&#10;Command duration or timeout: 214 milliseconds" type="org.openqa.selenium.SessionNotCreatedException">org.openqa.selenium.SessionNotCreatedException: 
Unable to create new service: ChromeDriverService
Build info: version: '3.141.59', revision: 'e82be7d358', time: '2018-11-14T08:25:53'
System info: host: 'DESKTOP-G1F3SKE', ip: '192.168.30.120', os.name: 'Windows 10', os.arch: 'amd64', os.version: '10.0', java.version: '1.8.0_301'
Driver info: driver.version: unknown
Command duration or timeout: 214 milliseconds
	at com.testcases.LoginTestCase.LoginTest(LoginTestCase.java:28)
Caused by: org.openqa.selenium.SessionNotCreatedException: 
Unable to create new service: ChromeDriverService
Build info: version: '3.141.59', revision: 'e82be7d358', time: '2018-11-14T08:25:53'
System info: host: 'DESKTOP-G1F3SKE', ip: '192.168.30.120', os.name: 'Windows 10', os.arch: 'amd64', os.version: '10.0', java.version: '1.8.0_301'
Driver info: driver.version: unknown
Build info: version: '3.141.59', revision: 'e82be7d358', time: '2018-11-14T08:17:03'
System info: host: 'DESKTOP-G1F3SKE', ip: '192.168.30.120', os.name: 'Windows 10', os.arch: 'amd64', os.version: '10.0', java.version: '17.0.2'
Driver info: driver.version: unknown
</failure>
    <system-err><![CDATA[Jun 19, 2022 9:16:07 PM org.openqa.selenium.remote.DesiredCapabilities chrome
INFO: Using `new ChromeOptions()` is preferred to `DesiredCapabilities.chrome()`
]]></system-err>
  </testcase>
</testsuite>